12:24:20 **** Build of configuration Debug for project AVR_4 ****
make all 
Building file: ../main.c
Invoking: AVR Compiler
avr-gcc -Wall -g2 -gstabs -O0 -fpack-struct -fshort-enums -ffunction-sections -fdata-sections -std=gnu99 -funsigned-char -funsigned-bitfields -mmcu=atmega32 -DF_CPU=8000000UL -MMD -MP -MF"main.d" -MT"main.o" -c -o "main.o" "../main.c"
Finished building: ../main.c
 
Building target: AVR_4.elf
Invoking: AVR C Linker
avr-gcc -Wl,-Map,AVR_4.map -mmcu=atmega32 -o "AVR_4.elf"  ./main.o   
Finished building target: AVR_4.elf
 
Invoking: AVR Create Extended Listing
avr-objdump -h -S AVR_4.elf  >"AVR_4.lss"
Finished building: AVR_4.lss
 
Create Flash image (ihex format)
avr-objcopy -R .eeprom -R .fuse -R .lock -R .signature -O ihex AVR_4.elf  "AVR_4.hex"
Finished building: AVR_4.hex
 
Invoking: Print Size
avr-size --format=avr --mcu=atmega32 AVR_4.elf
AVR Memory Usage
----------------
Device: atmega32

Program:     180 bytes (0.5% Full)
(.text + .data + .bootloader)

Data:          0 bytes (0.0% Full)
(.data + .bss + .noinit)


Finished building: sizedummy
 

12:24:21 Build Finished (took 876ms)

